<?xml version="1.0" encoding="UTF-8"?>
<!-- Generated by org.testng.reporters.JUnitReportReporter -->
<testsuite hostname="DESKTOP-LP1Q3CC" failures="0" tests="1" name="tests.GetandPostExamples" time="2.823" errors="0" timestamp="2024-03-12T23:10:45 EDT" skipped="0">
  <testcase classname="tests.GetandPostExamples" name="testPost" time="2.823"/>
</testsuite> <!-- tests.GetandPostExamples -->
