<?xml version="1.0" encoding="UTF-8"?>
<!-- Generated by org.testng.reporters.JUnitReportReporter -->
<testsuite hostname="DESKTOP-LP1Q3CC" failures="0" tests="2" name="tests.TestTwo" time="6.280" errors="0" timestamp="2024-03-12T18:05:03 EDT" skipped="0">
  <testcase classname="tests.TestTwo" name="test_3" time="0.177"/>
  <testcase classname="tests.TestTwo" name="test_2" time="6.103"/>
</testsuite> <!-- tests.TestTwo -->
