<?xml version="1.0" encoding="UTF-8"?>
<!-- Generated by org.testng.reporters.JUnitReportReporter -->
<testsuite hostname="DESKTOP-LP1Q3CC" failures="0" tests="3" name="tests.PutPatchDeleteExamples" time="6.914" errors="0" timestamp="2024-03-12T18:34:41 EDT" skipped="0">
  <testcase classname="tests.PutPatchDeleteExamples" name="testPut" time="0.349"/>
  <testcase classname="tests.PutPatchDeleteExamples" name="testDelete" time="5.960"/>
  <testcase classname="tests.PutPatchDeleteExamples" name="testPatch" time="0.605"/>
</testsuite> <!-- tests.PutPatchDeleteExamples -->
