<?xml version="1.0" encoding="UTF-8"?>
<!-- Generated by org.testng.reporters.JUnitReportReporter -->
<testsuite hostname="DESKTOP-LP1Q3CC" failures="0" tests="1" name="tests.TestOne" time="2.368" errors="0" timestamp="2024-03-12T10:58:37 EDT" skipped="0">
  <testcase classname="tests.TestOne" name="test1" time="2.368"/>
</testsuite> <!-- tests.TestOne -->
