<?xml version="1.0" encoding="UTF-8"?>
<!-- Generated by org.testng.reporters.JUnitReportReporter -->
<testsuite hostname="DESKTOP-LP1Q3CC" failures="0" tests="1" name="tests.TestMyself" time="2.844" errors="0" timestamp="2024-03-12T16:42:10 EDT" skipped="0">
  <testcase classname="tests.TestMyself" name="testOne" time="2.844"/>
</testsuite> <!-- tests.TestMyself -->
